[debug] [2025-11-02T12:37:38.145Z] ----------------------------------------------------------------------
[debug] [2025-11-02T12:37:38.181Z] Command:       C:\Program Files\nodejs\node.exe C:\Users\ELLA\AppData\Roaming\npm\node_modules\firebase-tools\lib\bin\firebase.js init functions
[debug] [2025-11-02T12:37:38.182Z] CLI Version:   14.21.0
[debug] [2025-11-02T12:37:38.182Z] Platform:      win32
[debug] [2025-11-02T12:37:38.182Z] Node Version:  v22.21.0
[debug] [2025-11-02T12:37:38.184Z] Time:          Sun Nov 02 2025 20:37:38 GMT+0800 (Philippine Standard Time)
[debug] [2025-11-02T12:37:38.184Z] ----------------------------------------------------------------------
[debug] 
[debug] [2025-11-02T12:37:38.190Z] >>> [apiv2][query] GET https://firebase-public.firebaseio.com/cli.json [none]
[info] 
     ######## #### ########  ######## ########     ###     ######  ########
     ##        ##  ##     ## ##       ##     ##  ##   ##  ##       ##
     ######    ##  ########  ######   ########  #########  ######  ######
     ##        ##  ##    ##  ##       ##     ## ##     ##       ## ##
     ##       #### ##     ## ######## ########  ##     ##  ######  ########

You're about to initialize a Firebase project in this directory:

  C:\xampp\htdocs\FiamBond\my_fiambond_python

Before we get started, keep in mind:

  * You are currently outside your home directory

[debug] [2025-11-02T12:37:39.047Z] <<< [apiv2][status] GET https://firebase-public.firebaseio.com/cli.json 200
[debug] [2025-11-02T12:37:39.047Z] <<< [apiv2][body] GET https://firebase-public.firebaseio.com/cli.json {"cloudBuildErrorAfter":1594252800000,"cloudBuildWarnAfter":1590019200000,"defaultNode10After":1594252800000,"minVersion":"3.0.5","node8DeploysDisabledAfter":1613390400000,"node8RuntimeDisabledAfter":1615809600000,"node8WarnAfter":1600128000000}
[info] 
=== Project Setup
[info] 
[info] First, let's associate this project directory with a Firebase project.
[info] You can create multiple project aliases by running firebase use --add, 
[info] 
[debug] [2025-11-02T12:39:45.408Z] > command requires scopes: ["email","openid","https://www.googleapis.com/auth/cloudplatformprojects.readonly","https://www.googleapis.com/auth/firebase","https://www.googleapis.com/auth/cloud-platform"]
[debug] [2025-11-02T12:39:45.441Z] > authorizing via signed-in user (emanaguilera711@gmail.com)
[debug] [2025-11-02T12:39:45.490Z] Checked if tokens are valid: false, expires at: 1761238822472
[debug] [2025-11-02T12:39:45.494Z] Checked if tokens are valid: false, expires at: 1761238822472
[debug] [2025-11-02T12:39:45.497Z] > refreshing access token with scopes: []
[debug] [2025-11-02T12:39:45.538Z] >>> [apiv2][query] POST https://www.googleapis.com/oauth2/v3/token [none]
[debug] [2025-11-02T12:39:45.539Z] >>> [apiv2][body] POST https://www.googleapis.com/oauth2/v3/token [omitted]
[debug] [2025-11-02T12:39:46.314Z] <<< [apiv2][status] POST https://www.googleapis.com/oauth2/v3/token 200
[debug] [2025-11-02T12:39:46.314Z] <<< [apiv2][body] POST https://www.googleapis.com/oauth2/v3/token [omitted]
[debug] [2025-11-02T12:39:46.340Z] >>> [apiv2][query] GET https://firebase.googleapis.com/v1beta1/projects pageSize=100
[debug] [2025-11-02T12:39:46.948Z] <<< [apiv2][status] GET https://firebase.googleapis.com/v1beta1/projects 200
[debug] [2025-11-02T12:39:46.948Z] <<< [apiv2][body] GET https://firebase.googleapis.com/v1beta1/projects [omitted]
[info] 
=== Functions Setup
[debug] [2025-11-02T12:39:53.789Z] > command requires scopes: ["email","openid","https://www.googleapis.com/auth/cloudplatformprojects.readonly","https://www.googleapis.com/auth/firebase","https://www.googleapis.com/auth/cloud-platform"]
[debug] [2025-11-02T12:39:53.789Z] > authorizing via signed-in user (emanaguilera711@gmail.com)
[debug] [2025-11-02T12:39:53.790Z] [iam] checking project fiambond for permissions ["firebase.projects.get"]
[debug] [2025-11-02T12:39:53.793Z] Checked if tokens are valid: true, expires at: 1762090785315
[debug] [2025-11-02T12:39:53.793Z] Checked if tokens are valid: true, expires at: 1762090785315
[debug] [2025-11-02T12:39:53.793Z] >>> [apiv2][query] POST https://cloudresourcemanager.googleapis.com/v1/projects/fiambond:testIamPermissions [none]
[debug] [2025-11-02T12:39:53.793Z] >>> [apiv2][(partial)header] POST https://cloudresourcemanager.googleapis.com/v1/projects/fiambond:testIamPermissions x-goog-quota-user=projects/fiambond
[debug] [2025-11-02T12:39:53.794Z] >>> [apiv2][body] POST https://cloudresourcemanager.googleapis.com/v1/projects/fiambond:testIamPermissions {"permissions":["firebase.projects.get"]}
[debug] [2025-11-02T12:39:54.807Z] <<< [apiv2][status] POST https://cloudresourcemanager.googleapis.com/v1/projects/fiambond:testIamPermissions 200
[debug] [2025-11-02T12:39:54.807Z] <<< [apiv2][body] POST https://cloudresourcemanager.googleapis.com/v1/projects/fiambond:testIamPermissions {"permissions":["firebase.projects.get"]}
[info] Let's create a new codebase for your functions.
[info] A directory corresponding to the codebase will be created in your project
[info] with sample code pre-configured.

[info] See https://firebase.google.com/docs/functions/organize-functions for
[info] more information on organizing your functions using codebases.

[info] Functions can be deployed with firebase deploy.

[info] +  Wrote functions/requirements.txt 
[info] +  Wrote functions/.gitignore 
[info] +  Wrote functions/main.py 
[debug] [2025-11-02T13:01:23.142Z] Running command with virtualenv: command="C:\xampp\htdocs\FiamBond\my_fiambond_python\functions\venv\Scripts\activate.bat", args=["","&&","pip3","install","--upgrade","pip"]
[debug] [2025-11-02T13:01:23.746Z] Error: spawn C:\WINDOWS\system32\cmd.exe ENOENT
    at ChildProcess._handle.onexit (node:internal/child_process:285:19)
    at onErrorNT (node:internal/child_process:483:16)
    at process.processTicksAndRejections (node:internal/process/task_queues:90:21)
[error] 
[error] Error: An unexpected error has occurred.
